{"total": {"lines":{"total":202,"covered":149,"skipped":0,"pct":73.76},"statements":{"total":209,"covered":151,"skipped":0,"pct":72.24},"functions":{"total":29,"covered":22,"skipped":0,"pct":75.86},"branches":{"total":33,"covered":11,"skipped":0,"pct":33.33},"branchesTrue":{"total":0,"covered":0,"skipped":0,"pct":100}}
,"/home/sostene/Desktop/andela/my-brand-api/src/index.js": {"lines":{"total":15,"covered":15,"skipped":0,"pct":100},"functions":{"total":1,"covered":1,"skipped":0,"pct":100},"statements":{"total":15,"covered":15,"skipped":0,"pct":100},"branches":{"total":2,"covered":1,"skipped":0,"pct":50}}
,"/home/sostene/Desktop/andela/my-brand-api/src/api-docs/blog.docs.js": {"lines":{"total":7,"covered":7,"skipped":0,"pct":100},"functions":{"total":0,"covered":0,"skipped":0,"pct":100},"statements":{"total":7,"covered":7,"skipped":0,"pct":100},"branches":{"total":0,"covered":0,"skipped":0,"pct":100}}
,"/home/sostene/Desktop/andela/my-brand-api/src/api-docs/contact.docs.js": {"lines":{"total":5,"covered":5,"skipped":0,"pct":100},"functions":{"total":0,"covered":0,"skipped":0,"pct":100},"statements":{"total":5,"covered":5,"skipped":0,"pct":100},"branches":{"total":0,"covered":0,"skipped":0,"pct":100}}
,"/home/sostene/Desktop/andela/my-brand-api/src/api-docs/swagger.js": {"lines":{"total":7,"covered":5,"skipped":0,"pct":71.42},"functions":{"total":2,"covered":1,"skipped":0,"pct":50},"statements":{"total":7,"covered":5,"skipped":0,"pct":71.42},"branches":{"total":0,"covered":0,"skipped":0,"pct":100}}
,"/home/sostene/Desktop/andela/my-brand-api/src/api-docs/user.docs.js": {"lines":{"total":7,"covered":7,"skipped":0,"pct":100},"functions":{"total":0,"covered":0,"skipped":0,"pct":100},"statements":{"total":7,"covered":7,"skipped":0,"pct":100},"branches":{"total":0,"covered":0,"skipped":0,"pct":100}}
,"/home/sostene/Desktop/andela/my-brand-api/src/controllers/blogController.js": {"lines":{"total":31,"covered":6,"skipped":0,"pct":19.35},"functions":{"total":6,"covered":2,"skipped":0,"pct":33.33},"statements":{"total":32,"covered":6,"skipped":0,"pct":18.75},"branches":{"total":6,"covered":0,"skipped":0,"pct":0}}
,"/home/sostene/Desktop/andela/my-brand-api/src/controllers/contactController.js": {"lines":{"total":20,"covered":16,"skipped":0,"pct":80},"functions":{"total":4,"covered":4,"skipped":0,"pct":100},"statements":{"total":22,"covered":16,"skipped":0,"pct":72.72},"branches":{"total":4,"covered":2,"skipped":0,"pct":50}}
,"/home/sostene/Desktop/andela/my-brand-api/src/controllers/userController.js": {"lines":{"total":42,"covered":32,"skipped":0,"pct":76.19},"functions":{"total":6,"covered":6,"skipped":0,"pct":100},"statements":{"total":43,"covered":32,"skipped":0,"pct":74.41},"branches":{"total":8,"covered":4,"skipped":0,"pct":50}}
,"/home/sostene/Desktop/andela/my-brand-api/src/database/db.js": {"lines":{"total":6,"covered":5,"skipped":0,"pct":83.33},"functions":{"total":1,"covered":1,"skipped":0,"pct":100},"statements":{"total":6,"covered":5,"skipped":0,"pct":83.33},"branches":{"total":0,"covered":0,"skipped":0,"pct":100}}
,"/home/sostene/Desktop/andela/my-brand-api/src/helpers/cloudinary.js": {"lines":{"total":2,"covered":2,"skipped":0,"pct":100},"functions":{"total":0,"covered":0,"skipped":0,"pct":100},"statements":{"total":2,"covered":2,"skipped":0,"pct":100},"branches":{"total":0,"covered":0,"skipped":0,"pct":100}}
,"/home/sostene/Desktop/andela/my-brand-api/src/helpers/jwt.js": {"lines":{"total":3,"covered":3,"skipped":0,"pct":100},"functions":{"total":2,"covered":2,"skipped":0,"pct":100},"statements":{"total":5,"covered":5,"skipped":0,"pct":100},"branches":{"total":0,"covered":0,"skipped":0,"pct":100}}
,"/home/sostene/Desktop/andela/my-brand-api/src/helpers/multer.js": {"lines":{"total":7,"covered":1,"skipped":0,"pct":14.28},"functions":{"total":2,"covered":0,"skipped":0,"pct":0},"statements":{"total":7,"covered":1,"skipped":0,"pct":14.28},"branches":{"total":5,"covered":0,"skipped":0,"pct":0}}
,"/home/sostene/Desktop/andela/my-brand-api/src/middlewares/authenticate.js": {"lines":{"total":16,"covered":13,"skipped":0,"pct":81.25},"functions":{"total":3,"covered":3,"skipped":0,"pct":100},"statements":{"total":17,"covered":13,"skipped":0,"pct":76.47},"branches":{"total":6,"covered":3,"skipped":0,"pct":50}}
,"/home/sostene/Desktop/andela/my-brand-api/src/middlewares/validate.js": {"lines":{"total":7,"covered":5,"skipped":0,"pct":71.42},"functions":{"total":2,"covered":2,"skipped":0,"pct":100},"statements":{"total":7,"covered":5,"skipped":0,"pct":71.42},"branches":{"total":2,"covered":1,"skipped":0,"pct":50}}
,"/home/sostene/Desktop/andela/my-brand-api/src/models/User.js": {"lines":{"total":2,"covered":2,"skipped":0,"pct":100},"functions":{"total":0,"covered":0,"skipped":0,"pct":100},"statements":{"total":2,"covered":2,"skipped":0,"pct":100},"branches":{"total":0,"covered":0,"skipped":0,"pct":100}}
,"/home/sostene/Desktop/andela/my-brand-api/src/models/blog.js": {"lines":{"total":2,"covered":2,"skipped":0,"pct":100},"functions":{"total":0,"covered":0,"skipped":0,"pct":100},"statements":{"total":2,"covered":2,"skipped":0,"pct":100},"branches":{"total":0,"covered":0,"skipped":0,"pct":100}}
,"/home/sostene/Desktop/andela/my-brand-api/src/models/contact.js": {"lines":{"total":2,"covered":2,"skipped":0,"pct":100},"functions":{"total":0,"covered":0,"skipped":0,"pct":100},"statements":{"total":2,"covered":2,"skipped":0,"pct":100},"branches":{"total":0,"covered":0,"skipped":0,"pct":100}}
,"/home/sostene/Desktop/andela/my-brand-api/src/routes/blogRoute.js": {"lines":{"total":7,"covered":7,"skipped":0,"pct":100},"functions":{"total":0,"covered":0,"skipped":0,"pct":100},"statements":{"total":7,"covered":7,"skipped":0,"pct":100},"branches":{"total":0,"covered":0,"skipped":0,"pct":100}}
,"/home/sostene/Desktop/andela/my-brand-api/src/routes/contactRoute.js": {"lines":{"total":5,"covered":5,"skipped":0,"pct":100},"functions":{"total":0,"covered":0,"skipped":0,"pct":100},"statements":{"total":5,"covered":5,"skipped":0,"pct":100},"branches":{"total":0,"covered":0,"skipped":0,"pct":100}}
,"/home/sostene/Desktop/andela/my-brand-api/src/routes/userRoute.js": {"lines":{"total":7,"covered":7,"skipped":0,"pct":100},"functions":{"total":0,"covered":0,"skipped":0,"pct":100},"statements":{"total":7,"covered":7,"skipped":0,"pct":100},"branches":{"total":0,"covered":0,"skipped":0,"pct":100}}
,"/home/sostene/Desktop/andela/my-brand-api/src/validation/userSchema.js": {"lines":{"total":2,"covered":2,"skipped":0,"pct":100},"functions":{"total":0,"covered":0,"skipped":0,"pct":100},"statements":{"total":2,"covered":2,"skipped":0,"pct":100},"branches":{"total":0,"covered":0,"skipped":0,"pct":100}}
}
